<?xml version="1.0" encoding="UTF-8"?>
<testng-results skipped="3" failed="0" total="3" passed="0">
  <reporter-output>
  </reporter-output>
  <suite name="MultiBrowser" duration-ms="62623" started-at="2016-07-13T08:30:57Z" finished-at="2016-07-13T08:31:59Z">
    <groups>
    </groups>
    <test name="IETest" duration-ms="268" started-at="2016-07-13T08:30:57Z" finished-at="2016-07-13T08:30:57Z">
      <class name="testNG_Framework.MultiBrowser_ParallelTesting">
        <test-method status="FAIL" signature="beforeTest(java.lang.String)[pri:0, instance:testNG_Framework.MultiBrowser_ParallelTesting@59a6e353]" name="beforeTest" is-config="true" duration-ms="0" started-at="2016-07-13T15:30:57Z" finished-at="2016-07-13T15:30:57Z">
          <params>
            <param index="0">
              <value>
                <![CDATA[ie]]>
              </value>
            </param>
          </params>
          <exception class="java.lang.IllegalStateException">
            <message>
              <![CDATA[The driver executable does not exist: E:\SOFT\Selenium Installer\Drivers\IEDriverServer.exe]]>
            </message>
            <full-stacktrace>
              <![CDATA[java.lang.IllegalStateException: The driver executable does not exist: E:\SOFT\Selenium Installer\Drivers\IEDriverServer.exe
	at com.google.common.base.Preconditions.checkState(Preconditions.java:197)
	at org.openqa.selenium.remote.service.DriverService.checkExecutable(DriverService.java:121)
	at org.openqa.selenium.remote.service.DriverService.findExecutable(DriverService.java:116)
	at org.openqa.selenium.ie.InternetExplorerDriverService.access$0(InternetExplorerDriverService.java:1)
	at org.openqa.selenium.ie.InternetExplorerDriverService$Builder.findDefaultExecutable(InternetExplorerDriverService.java:167)
	at org.openqa.selenium.remote.service.DriverService$Builder.build(DriverService.java:290)
	at org.openqa.selenium.ie.InternetExplorerDriver.setupService(InternetExplorerDriver.java:251)
	at org.openqa.selenium.ie.InternetExplorerDriver.<init>(InternetExplorerDriver.java:172)
	at org.openqa.selenium.ie.InternetExplorerDriver.<init>(InternetExplorerDriver.java:146)
	at testNG_Framework.MultiBrowser_ParallelTesting.beforeTest(MultiBrowser_ParallelTesting.java:23)
	at sun.reflect.NativeMethodAccessorImpl.invoke0(Native Method)
	at sun.reflect.NativeMethodAccessorImpl.invoke(NativeMethodAccessorImpl.java:62)
	at sun.reflect.DelegatingMethodAccessorImpl.invoke(DelegatingMethodAccessorImpl.java:43)
	at java.lang.reflect.Method.invoke(Method.java:497)
	at org.testng.internal.MethodInvocationHelper.invokeMethod(MethodInvocationHelper.java:85)
	at org.testng.internal.Invoker.invokeConfigurationMethod(Invoker.java:510)
	at org.testng.internal.Invoker.invokeConfigurations(Invoker.java:211)
	at org.testng.internal.Invoker.invokeMethod(Invoker.java:585)
	at org.testng.internal.Invoker.invokeTestMethod(Invoker.java:816)
	at org.testng.internal.Invoker.invokeTestMethods(Invoker.java:1124)
	at org.testng.internal.TestMethodWorker.invokeTestMethods(TestMethodWorker.java:124)
	at org.testng.internal.TestMethodWorker.run(TestMethodWorker.java:108)
	at org.testng.TestRunner.privateRun(TestRunner.java:773)
	at org.testng.TestRunner.run(TestRunner.java:623)
	at org.testng.SuiteRunner.runTest(SuiteRunner.java:359)
	at org.testng.SuiteRunner.access$000(SuiteRunner.java:39)
	at org.testng.SuiteRunner$SuiteWorker.run(SuiteRunner.java:393)
	at org.testng.internal.thread.ThreadUtil$2.call(ThreadUtil.java:64)
	at java.util.concurrent.FutureTask.run(FutureTask.java:266)
	at java.util.concurrent.ThreadPoolExecutor.runWorker(ThreadPoolExecutor.java:1142)
	at java.util.concurrent.ThreadPoolExecutor$Worker.run(ThreadPoolExecutor.java:617)
	at java.lang.Thread.run(Thread.java:745)
]]>
            </full-stacktrace>
          </exception> <!-- java.lang.IllegalStateException -->
          <reporter-output>
          </reporter-output>
        </test-method> <!-- beforeTest -->
        <test-method status="SKIP" signature="Test()[pri:0, instance:testNG_Framework.MultiBrowser_ParallelTesting@59a6e353]" name="Test" duration-ms="1" started-at="2016-07-13T15:30:57Z" finished-at="2016-07-13T15:30:57Z">
          <reporter-output>
          </reporter-output>
        </test-method> <!-- Test -->
        <test-method status="SKIP" signature="afterTest()[pri:0, instance:testNG_Framework.MultiBrowser_ParallelTesting@59a6e353]" name="afterTest" is-config="true" duration-ms="0" started-at="2016-07-13T15:30:57Z" finished-at="2016-07-13T15:30:57Z">
          <reporter-output>
          </reporter-output>
        </test-method> <!-- afterTest -->
      </class> <!-- testNG_Framework.MultiBrowser_ParallelTesting -->
    </test> <!-- IETest -->
    <test name="ChromeTest" duration-ms="149" started-at="2016-07-13T08:30:57Z" finished-at="2016-07-13T08:30:57Z">
      <class name="testNG_Framework.MultiBrowser_ParallelTesting">
        <test-method status="FAIL" signature="beforeTest(java.lang.String)[pri:0, instance:testNG_Framework.MultiBrowser_ParallelTesting@3cda1055]" name="beforeTest" is-config="true" duration-ms="0" started-at="2016-07-13T15:30:57Z" finished-at="2016-07-13T15:30:57Z">
          <params>
            <param index="0">
              <value>
                <![CDATA[chrome]]>
              </value>
            </param>
          </params>
          <exception class="java.lang.IllegalStateException">
            <message>
              <![CDATA[The driver executable does not exist: E:\SOFT\Selenium Installer\Drivers\chromedriver.exe]]>
            </message>
            <full-stacktrace>
              <![CDATA[java.lang.IllegalStateException: The driver executable does not exist: E:\SOFT\Selenium Installer\Drivers\chromedriver.exe
	at com.google.common.base.Preconditions.checkState(Preconditions.java:197)
	at org.openqa.selenium.remote.service.DriverService.checkExecutable(DriverService.java:121)
	at org.openqa.selenium.remote.service.DriverService.findExecutable(DriverService.java:116)
	at org.openqa.selenium.chrome.ChromeDriverService.access$0(ChromeDriverService.java:1)
	at org.openqa.selenium.chrome.ChromeDriverService$Builder.findDefaultExecutable(ChromeDriverService.java:137)
	at org.openqa.selenium.remote.service.DriverService$Builder.build(DriverService.java:290)
	at org.openqa.selenium.chrome.ChromeDriverService.createDefaultService(ChromeDriverService.java:88)
	at org.openqa.selenium.chrome.ChromeDriver.<init>(ChromeDriver.java:116)
	at testNG_Framework.MultiBrowser_ParallelTesting.beforeTest(MultiBrowser_ParallelTesting.java:28)
	at sun.reflect.NativeMethodAccessorImpl.invoke0(Native Method)
	at sun.reflect.NativeMethodAccessorImpl.invoke(NativeMethodAccessorImpl.java:62)
	at sun.reflect.DelegatingMethodAccessorImpl.invoke(DelegatingMethodAccessorImpl.java:43)
	at java.lang.reflect.Method.invoke(Method.java:497)
	at org.testng.internal.MethodInvocationHelper.invokeMethod(MethodInvocationHelper.java:85)
	at org.testng.internal.Invoker.invokeConfigurationMethod(Invoker.java:510)
	at org.testng.internal.Invoker.invokeConfigurations(Invoker.java:211)
	at org.testng.internal.Invoker.invokeMethod(Invoker.java:585)
	at org.testng.internal.Invoker.invokeTestMethod(Invoker.java:816)
	at org.testng.internal.Invoker.invokeTestMethods(Invoker.java:1124)
	at org.testng.internal.TestMethodWorker.invokeTestMethods(TestMethodWorker.java:124)
	at org.testng.internal.TestMethodWorker.run(TestMethodWorker.java:108)
	at org.testng.TestRunner.privateRun(TestRunner.java:773)
	at org.testng.TestRunner.run(TestRunner.java:623)
	at org.testng.SuiteRunner.runTest(SuiteRunner.java:359)
	at org.testng.SuiteRunner.access$000(SuiteRunner.java:39)
	at org.testng.SuiteRunner$SuiteWorker.run(SuiteRunner.java:393)
	at org.testng.internal.thread.ThreadUtil$2.call(ThreadUtil.java:64)
	at java.util.concurrent.FutureTask.run(FutureTask.java:266)
	at java.util.concurrent.ThreadPoolExecutor.runWorker(ThreadPoolExecutor.java:1142)
	at java.util.concurrent.ThreadPoolExecutor$Worker.run(ThreadPoolExecutor.java:617)
	at java.lang.Thread.run(Thread.java:745)
]]>
            </full-stacktrace>
          </exception> <!-- java.lang.IllegalStateException -->
          <reporter-output>
          </reporter-output>
        </test-method> <!-- beforeTest -->
        <test-method status="SKIP" signature="Test()[pri:0, instance:testNG_Framework.MultiBrowser_ParallelTesting@3cda1055]" name="Test" duration-ms="1" started-at="2016-07-13T15:30:57Z" finished-at="2016-07-13T15:30:57Z">
          <reporter-output>
          </reporter-output>
        </test-method> <!-- Test -->
        <test-method status="SKIP" signature="afterTest()[pri:0, instance:testNG_Framework.MultiBrowser_ParallelTesting@3cda1055]" name="afterTest" is-config="true" duration-ms="0" started-at="2016-07-13T15:30:57Z" finished-at="2016-07-13T15:30:57Z">
          <reporter-output>
          </reporter-output>
        </test-method> <!-- afterTest -->
      </class> <!-- testNG_Framework.MultiBrowser_ParallelTesting -->
    </test> <!-- ChromeTest -->
    <test name="FirefoxTest" duration-ms="62623" started-at="2016-07-13T08:30:57Z" finished-at="2016-07-13T08:31:59Z">
      <class name="testNG_Framework.MultiBrowser_ParallelTesting">
        <test-method status="FAIL" signature="beforeTest(java.lang.String)[pri:0, instance:testNG_Framework.MultiBrowser_ParallelTesting@3498ed]" name="beforeTest" is-config="true" duration-ms="0" started-at="2016-07-13T15:30:57Z" finished-at="2016-07-13T15:30:57Z">
          <params>
            <param index="0">
              <value>
                <![CDATA[firefox]]>
              </value>
            </param>
          </params>
          <exception class="org.openqa.selenium.WebDriverException">
            <message>
              <![CDATA[Failed to connect to binary FirefoxBinary(C:\Program Files (x86)\Mozilla Firefox\firefox.exe) on port 7055; process output follows: 
e6fd}","syncGUID":"gjrc5ZfmI4ja","location":"app-global","version":"47.0","type":"theme","internalName":"classic/1.0","updateURL":null,"updateKey":null,"optionsURL":null,"optionsType":null,"aboutURL":null,"icons":{"32":"icon.png","48":"icon.png"},"iconURL":null,"icon64URL":null,"defaultLocale":{"name":"Default","description":"The default theme.","creator":"Mozilla","homepageURL":null,"contributors":["Mozilla Contributors"]},"visible":true,"active":true,"userDisabled":false,"appDisabled":false,"descriptor":"C:\\Program Files (x86)\\Mozilla Firefox\\browser\\extensions\\{972ce4c6-7e08-4474-a285-3208198ce6fd}.xpi","installDate":1465532027854,"updateDate":1465532027854,"applyBackgroundUpdates":1,"skinnable":true,"size":22006,"sourceURI":null,"releaseNotesURI":null,"softDisabled":false,"foreignInstall":false,"hasBinaryComponents":false,"strictCompatibility":true,"locales":[],"targetApplications":[{"id":"{ec8030f7-c20a-464f-9b0e-13a3a9e97384}","minVersion":"47.0","maxVersion":"47.0"}],"targetPlatforms":[],"seen":true}
1468398664176	addons.xpi	DEBUG	getModTime: Recursive scan of {972ce4c6-7e08-4474-a285-3208198ce6fd}
1468398664177	DeferredSave.extensions.json	DEBUG	Save changes
1468398664177	addons.xpi	DEBUG	Updating database with changes to installed add-ons
1468398664177	addons.xpi-utils	DEBUG	Updating add-on states
1468398664178	addons.xpi-utils	DEBUG	Writing add-ons list
1468398664180	addons.xpi	DEBUG	Registering manifest for C:\Program Files (x86)\Mozilla Firefox\browser\features\e10srollout@mozilla.org.xpi
1468398664180	addons.xpi	DEBUG	Calling bootstrap method startup on e10srollout@mozilla.org version 1.0
1468398664180	addons.xpi	DEBUG	Registering manifest for C:\Program Files (x86)\Mozilla Firefox\browser\features\firefox@getpocket.com.xpi
1468398664181	addons.xpi	DEBUG	Calling bootstrap method startup on firefox@getpocket.com version 1.0.2
1468398664182	addons.xpi	DEBUG	Registering manifest for C:\Program Files (x86)\Mozilla Firefox\browser\features\loop@mozilla.org.xpi
1468398664183	addons.xpi	DEBUG	Calling bootstrap method startup on loop@mozilla.org version 1.3.2
1468398664204	addons.manager	DEBUG	Registering shutdown blocker for XPIProvider
1468398664205	addons.manager	DEBUG	Provider finished startup: XPIProvider
1468398664205	addons.manager	DEBUG	Starting provider: LightweightThemeManager
1468398664205	addons.manager	DEBUG	Registering shutdown blocker for LightweightThemeManager
1468398664205	addons.manager	DEBUG	Provider finished startup: LightweightThemeManager
1468398664206	addons.manager	DEBUG	Starting provider: GMPProvider
1468398664237	addons.manager	DEBUG	Registering shutdown blocker for GMPProvider
1468398664237	addons.manager	DEBUG	Provider finished startup: GMPProvider
1468398664237	addons.manager	DEBUG	Starting provider: PluginProvider
1468398664237	addons.manager	DEBUG	Registering shutdown blocker for PluginProvider
1468398664238	addons.manager	DEBUG	Provider finished startup: PluginProvider
1468398664238	addons.manager	DEBUG	Completed startup sequence
1468398668007	addons.manager	DEBUG	Starting provider: <unnamed-provider>
1468398668007	addons.manager	DEBUG	Registering shutdown blocker for <unnamed-provider>
1468398668008	addons.manager	DEBUG	Provider finished startup: <unnamed-provider>
1468398668010	DeferredSave.extensions.json	DEBUG	Starting write
1468398676460	addons.repository	DEBUG	No addons.json found.
1468398676461	DeferredSave.addons.json	DEBUG	Save changes
1468398678768	DeferredSave.addons.json	DEBUG	Starting timer
1468398686578	addons.manager	DEBUG	Starting provider: PreviousExperimentProvider
1468398686578	addons.manager	DEBUG	Registering shutdown blocker for PreviousExperimentProvider
1468398686578	addons.manager	DEBUG	Provider finished startup: PreviousExperimentProvider
1468398686600	DeferredSave.addons.json	DEBUG	Starting write
1468398686603	DeferredSave.extensions.json	DEBUG	Write succeeded
1468398686604	addons.xpi-utils	DEBUG	XPI Database saved, setting schema version preference to 17
1468398690899	DeferredSave.addons.json	DEBUG	Write succeeded

Build info: version: '2.47.1', revision: '411b314', time: '2015-07-30 02:56:46'
System info: host: 'AMK53S-26', ip: '192.168.4.245', os.name: 'Windows 7', os.arch: 'amd64', os.version: '6.1', java.version: '1.8.0_45'
Driver info: driver.version: FirefoxDriver]]>
            </message>
            <full-stacktrace>
              <![CDATA[org.openqa.selenium.WebDriverException: Failed to connect to binary FirefoxBinary(C:\Program Files (x86)\Mozilla Firefox\firefox.exe) on port 7055; process output follows: 
e6fd}","syncGUID":"gjrc5ZfmI4ja","location":"app-global","version":"47.0","type":"theme","internalName":"classic/1.0","updateURL":null,"updateKey":null,"optionsURL":null,"optionsType":null,"aboutURL":null,"icons":{"32":"icon.png","48":"icon.png"},"iconURL":null,"icon64URL":null,"defaultLocale":{"name":"Default","description":"The default theme.","creator":"Mozilla","homepageURL":null,"contributors":["Mozilla Contributors"]},"visible":true,"active":true,"userDisabled":false,"appDisabled":false,"descriptor":"C:\\Program Files (x86)\\Mozilla Firefox\\browser\\extensions\\{972ce4c6-7e08-4474-a285-3208198ce6fd}.xpi","installDate":1465532027854,"updateDate":1465532027854,"applyBackgroundUpdates":1,"skinnable":true,"size":22006,"sourceURI":null,"releaseNotesURI":null,"softDisabled":false,"foreignInstall":false,"hasBinaryComponents":false,"strictCompatibility":true,"locales":[],"targetApplications":[{"id":"{ec8030f7-c20a-464f-9b0e-13a3a9e97384}","minVersion":"47.0","maxVersion":"47.0"}],"targetPlatforms":[],"seen":true}
1468398664176	addons.xpi	DEBUG	getModTime: Recursive scan of {972ce4c6-7e08-4474-a285-3208198ce6fd}
1468398664177	DeferredSave.extensions.json	DEBUG	Save changes
1468398664177	addons.xpi	DEBUG	Updating database with changes to installed add-ons
1468398664177	addons.xpi-utils	DEBUG	Updating add-on states
1468398664178	addons.xpi-utils	DEBUG	Writing add-ons list
1468398664180	addons.xpi	DEBUG	Registering manifest for C:\Program Files (x86)\Mozilla Firefox\browser\features\e10srollout@mozilla.org.xpi
1468398664180	addons.xpi	DEBUG	Calling bootstrap method startup on e10srollout@mozilla.org version 1.0
1468398664180	addons.xpi	DEBUG	Registering manifest for C:\Program Files (x86)\Mozilla Firefox\browser\features\firefox@getpocket.com.xpi
1468398664181	addons.xpi	DEBUG	Calling bootstrap method startup on firefox@getpocket.com version 1.0.2
1468398664182	addons.xpi	DEBUG	Registering manifest for C:\Program Files (x86)\Mozilla Firefox\browser\features\loop@mozilla.org.xpi
1468398664183	addons.xpi	DEBUG	Calling bootstrap method startup on loop@mozilla.org version 1.3.2
1468398664204	addons.manager	DEBUG	Registering shutdown blocker for XPIProvider
1468398664205	addons.manager	DEBUG	Provider finished startup: XPIProvider
1468398664205	addons.manager	DEBUG	Starting provider: LightweightThemeManager
1468398664205	addons.manager	DEBUG	Registering shutdown blocker for LightweightThemeManager
1468398664205	addons.manager	DEBUG	Provider finished startup: LightweightThemeManager
1468398664206	addons.manager	DEBUG	Starting provider: GMPProvider
1468398664237	addons.manager	DEBUG	Registering shutdown blocker for GMPProvider
1468398664237	addons.manager	DEBUG	Provider finished startup: GMPProvider
1468398664237	addons.manager	DEBUG	Starting provider: PluginProvider
1468398664237	addons.manager	DEBUG	Registering shutdown blocker for PluginProvider
1468398664238	addons.manager	DEBUG	Provider finished startup: PluginProvider
1468398664238	addons.manager	DEBUG	Completed startup sequence
1468398668007	addons.manager	DEBUG	Starting provider: <unnamed-provider>
1468398668007	addons.manager	DEBUG	Registering shutdown blocker for <unnamed-provider>
1468398668008	addons.manager	DEBUG	Provider finished startup: <unnamed-provider>
1468398668010	DeferredSave.extensions.json	DEBUG	Starting write
1468398676460	addons.repository	DEBUG	No addons.json found.
1468398676461	DeferredSave.addons.json	DEBUG	Save changes
1468398678768	DeferredSave.addons.json	DEBUG	Starting timer
1468398686578	addons.manager	DEBUG	Starting provider: PreviousExperimentProvider
1468398686578	addons.manager	DEBUG	Registering shutdown blocker for PreviousExperimentProvider
1468398686578	addons.manager	DEBUG	Provider finished startup: PreviousExperimentProvider
1468398686600	DeferredSave.addons.json	DEBUG	Starting write
1468398686603	DeferredSave.extensions.json	DEBUG	Write succeeded
1468398686604	addons.xpi-utils	DEBUG	XPI Database saved, setting schema version preference to 17
1468398690899	DeferredSave.addons.json	DEBUG	Write succeeded

Build info: version: '2.47.1', revision: '411b314', time: '2015-07-30 02:56:46'
System info: host: 'AMK53S-26', ip: '192.168.4.245', os.name: 'Windows 7', os.arch: 'amd64', os.version: '6.1', java.version: '1.8.0_45'
Driver info: driver.version: FirefoxDriver
	at org.openqa.selenium.firefox.internal.NewProfileExtensionConnection.start(NewProfileExtensionConnection.java:134)
	at org.openqa.selenium.firefox.FirefoxDriver.startClient(FirefoxDriver.java:276)
	at org.openqa.selenium.remote.RemoteWebDriver.<init>(RemoteWebDriver.java:116)
	at org.openqa.selenium.firefox.FirefoxDriver.<init>(FirefoxDriver.java:223)
	at org.openqa.selenium.firefox.FirefoxDriver.<init>(FirefoxDriver.java:216)
	at org.openqa.selenium.firefox.FirefoxDriver.<init>(FirefoxDriver.java:212)
	at org.openqa.selenium.firefox.FirefoxDriver.<init>(FirefoxDriver.java:125)
	at testNG_Framework.MultiBrowser_ParallelTesting.beforeTest(MultiBrowser_ParallelTesting.java:25)
	at sun.reflect.NativeMethodAccessorImpl.invoke0(Native Method)
	at sun.reflect.NativeMethodAccessorImpl.invoke(NativeMethodAccessorImpl.java:62)
	at sun.reflect.DelegatingMethodAccessorImpl.invoke(DelegatingMethodAccessorImpl.java:43)
	at java.lang.reflect.Method.invoke(Method.java:497)
	at org.testng.internal.MethodInvocationHelper.invokeMethod(MethodInvocationHelper.java:85)
	at org.testng.internal.Invoker.invokeConfigurationMethod(Invoker.java:510)
	at org.testng.internal.Invoker.invokeConfigurations(Invoker.java:211)
	at org.testng.internal.Invoker.invokeMethod(Invoker.java:585)
	at org.testng.internal.Invoker.invokeTestMethod(Invoker.java:816)
	at org.testng.internal.Invoker.invokeTestMethods(Invoker.java:1124)
	at org.testng.internal.TestMethodWorker.invokeTestMethods(TestMethodWorker.java:124)
	at org.testng.internal.TestMethodWorker.run(TestMethodWorker.java:108)
	at org.testng.TestRunner.privateRun(TestRunner.java:773)
	at org.testng.TestRunner.run(TestRunner.java:623)
	at org.testng.SuiteRunner.runTest(SuiteRunner.java:359)
	at org.testng.SuiteRunner.access$000(SuiteRunner.java:39)
	at org.testng.SuiteRunner$SuiteWorker.run(SuiteRunner.java:393)
	at org.testng.internal.thread.ThreadUtil$2.call(ThreadUtil.java:64)
	at java.util.concurrent.FutureTask.run(FutureTask.java:266)
	at java.util.concurrent.ThreadPoolExecutor.runWorker(ThreadPoolExecutor.java:1142)
	at java.util.concurrent.ThreadPoolExecutor$Worker.run(ThreadPoolExecutor.java:617)
	at java.lang.Thread.run(Thread.java:745)
Caused by: org.openqa.selenium.firefox.NotConnectedException: Unable to connect to host 127.0.0.1 on port 7055 after 45000 ms. Firefox console output:
e6fd}","syncGUID":"gjrc5ZfmI4ja","location":"app-global","version":"47.0","type":"theme","internalName":"classic/1.0","updateURL":null,"updateKey":null,"optionsURL":null,"optionsType":null,"aboutURL":null,"icons":{"32":"icon.png","48":"icon.png"},"iconURL":null,"icon64URL":null,"defaultLocale":{"name":"Default","description":"The default theme.","creator":"Mozilla","homepageURL":null,"contributors":["Mozilla Contributors"]},"visible":true,"active":true,"userDisabled":false,"appDisabled":false,"descriptor":"C:\\Program Files (x86)\\Mozilla Firefox\\browser\\extensions\\{972ce4c6-7e08-4474-a285-3208198ce6fd}.xpi","installDate":1465532027854,"updateDate":1465532027854,"applyBackgroundUpdates":1,"skinnable":true,"size":22006,"sourceURI":null,"releaseNotesURI":null,"softDisabled":false,"foreignInstall":false,"hasBinaryComponents":false,"strictCompatibility":true,"locales":[],"targetApplications":[{"id":"{ec8030f7-c20a-464f-9b0e-13a3a9e97384}","minVersion":"47.0","maxVersion":"47.0"}],"targetPlatforms":[],"seen":true}
1468398664176	addons.xpi	DEBUG	getModTime: Recursive scan of {972ce4c6-7e08-4474-a285-3208198ce6fd}
1468398664177	DeferredSave.extensions.json	DEBUG	Save changes
1468398664177	addons.xpi	DEBUG	Updating database with changes to installed add-ons
1468398664177	addons.xpi-utils	DEBUG	Updating add-on states
1468398664178	addons.xpi-utils	DEBUG	Writing add-ons list
1468398664180	addons.xpi	DEBUG	Registering manifest for C:\Program Files (x86)\Mozilla Firefox\browser\features\e10srollout@mozilla.org.xpi
1468398664180	addons.xpi	DEBUG	Calling bootstrap method startup on e10srollout@mozilla.org version 1.0
1468398664180	addons.xpi	DEBUG	Registering manifest for C:\Program Files (x86)\Mozilla Firefox\browser\features\firefox@getpocket.com.xpi
1468398664181	addons.xpi	DEBUG	Calling bootstrap method startup on firefox@getpocket.com version 1.0.2
1468398664182	addons.xpi	DEBUG	Registering manifest for C:\Program Files (x86)\Mozilla Firefox\browser\features\loop@mozilla.org.xpi
1468398664183	addons.xpi	DEBUG	Calling bootstrap method startup on loop@mozilla.org version 1.3.2
1468398664204	addons.manager	DEBUG	Registering shutdown blocker for XPIProvider
1468398664205	addons.manager	DEBUG	Provider finished startup: XPIProvider
1468398664205	addons.manager	DEBUG	Starting provider: LightweightThemeManager
1468398664205	addons.manager	DEBUG	Registering shutdown blocker for LightweightThemeManager
1468398664205	addons.manager	DEBUG	Provider finished startup: LightweightThemeManager
1468398664206	addons.manager	DEBUG	Starting provider: GMPProvider
1468398664237	addons.manager	DEBUG	Registering shutdown blocker for GMPProvider
1468398664237	addons.manager	DEBUG	Provider finished startup: GMPProvider
1468398664237	addons.manager	DEBUG	Starting provider: PluginProvider
1468398664237	addons.manager	DEBUG	Registering shutdown blocker for PluginProvider
1468398664238	addons.manager	DEBUG	Provider finished startup: PluginProvider
1468398664238	addons.manager	DEBUG	Completed startup sequence
1468398668007	addons.manager	DEBUG	Starting provider: <unnamed-provider>
1468398668007	addons.manager	DEBUG	Registering shutdown blocker for <unnamed-provider>
1468398668008	addons.manager	DEBUG	Provider finished startup: <unnamed-provider>
1468398668010	DeferredSave.extensions.json	DEBUG	Starting write
1468398676460	addons.repository	DEBUG	No addons.json found.
1468398676461	DeferredSave.addons.json	DEBUG	Save changes
1468398678768	DeferredSave.addons.json	DEBUG	Starting timer
1468398686578	addons.manager	DEBUG	Starting provider: PreviousExperimentProvider
1468398686578	addons.manager	DEBUG	Registering shutdown blocker for PreviousExperimentProvider
1468398686578	addons.manager	DEBUG	Provider finished startup: PreviousExperimentProvider
1468398686600	DeferredSave.addons.json	DEBUG	Starting write
1468398686603	DeferredSave.extensions.json	DEBUG	Write succeeded
1468398686604	addons.xpi-utils	DEBUG	XPI Database saved, setting schema version preference to 17
1468398690899	DeferredSave.addons.json	DEBUG	Write succeeded

	at org.openqa.selenium.firefox.internal.NewProfileExtensionConnection.start(NewProfileExtensionConnection.java:122)
	... 29 more
]]>
            </full-stacktrace>
          </exception> <!-- org.openqa.selenium.WebDriverException -->
          <reporter-output>
          </reporter-output>
        </test-method> <!-- beforeTest -->
        <test-method status="SKIP" signature="Test()[pri:0, instance:testNG_Framework.MultiBrowser_ParallelTesting@3498ed]" name="Test" duration-ms="1" started-at="2016-07-13T15:31:59Z" finished-at="2016-07-13T15:31:59Z">
          <reporter-output>
          </reporter-output>
        </test-method> <!-- Test -->
        <test-method status="SKIP" signature="afterTest()[pri:0, instance:testNG_Framework.MultiBrowser_ParallelTesting@3498ed]" name="afterTest" is-config="true" duration-ms="0" started-at="2016-07-13T15:31:59Z" finished-at="2016-07-13T15:31:59Z">
          <reporter-output>
          </reporter-output>
        </test-method> <!-- afterTest -->
      </class> <!-- testNG_Framework.MultiBrowser_ParallelTesting -->
    </test> <!-- FirefoxTest -->
  </suite> <!-- MultiBrowser -->
</testng-results>
