<?xml version="1.0" encoding="UTF-8"?>
<!-- Generated by org.testng.reporters.JUnitXMLReporter -->
<testsuite hostname="AMK53S-26" name="IETest" tests="1" failures="0" timestamp="13 Jul 2016 08:30:57 GMT" time="0.268" errors="0">
  <testcase name="@BeforeMethod beforeTest" time="0.0" classname="testNG_Framework.MultiBrowser_ParallelTesting">
    <failure type="java.lang.IllegalStateException" message="The driver executable does not exist: E:\SOFT\Selenium Installer\Drivers\IEDriverServer.exe">
      <![CDATA[java.lang.IllegalStateException: The driver executable does not exist: E:\SOFT\Selenium Installer\Drivers\IEDriverServer.exe
	at com.google.common.base.Preconditions.checkState(Preconditions.java:197)
	at org.openqa.selenium.remote.service.DriverService.checkExecutable(DriverService.java:121)
	at org.openqa.selenium.remote.service.DriverService.findExecutable(DriverService.java:116)
	at org.openqa.selenium.ie.InternetExplorerDriverService.access$0(InternetExplorerDriverService.java:1)
	at org.openqa.selenium.ie.InternetExplorerDriverService$Builder.findDefaultExecutable(InternetExplorerDriverService.java:167)
	at org.openqa.selenium.remote.service.DriverService$Builder.build(DriverService.java:290)
	at org.openqa.selenium.ie.InternetExplorerDriver.setupService(InternetExplorerDriver.java:251)
	at org.openqa.selenium.ie.InternetExplorerDriver.<init>(InternetExplorerDriver.java:172)
	at org.openqa.selenium.ie.InternetExplorerDriver.<init>(InternetExplorerDriver.java:146)
	at testNG_Framework.MultiBrowser_ParallelTesting.beforeTest(MultiBrowser_ParallelTesting.java:23)
	at java.util.concurrent.FutureTask.run(FutureTask.java:266)
	at java.util.concurrent.ThreadPoolExecutor.runWorker(ThreadPoolExecutor.java:1142)
	at java.util.concurrent.ThreadPoolExecutor$Worker.run(ThreadPoolExecutor.java:617)
	at java.lang.Thread.run(Thread.java:745)
... Removed 18 stack frames]]>
    </failure>
  </testcase> <!-- @BeforeMethod beforeTest -->
  <testcase name="@AfterMethod afterTest" time="0.0" classname="testNG_Framework.MultiBrowser_ParallelTesting">
    <skipped/>
  </testcase> <!-- @AfterMethod afterTest -->
  <testcase name="Test" time="0.001" classname="testNG_Framework.MultiBrowser_ParallelTesting">
    <skipped/>
  </testcase> <!-- Test -->
</testsuite> <!-- IETest -->
